15:01:00.386 [main] INFO  org.testng.internal.Utils - [TestNG] Running:
  /Users/ashutoshpal/Library/Caches/JetBrains/IdeaIC2024.1/temp-testng-customsuite.xml

15:01:04.124 [main] INFO  testCases.TC001_AccountRegistrationTest - ***** Starting TC001_AccountRegistrationTest *****
15:01:04.212 [main] INFO  testCases.TC001_AccountRegistrationTest - ***** Clicked on My Account Link *****
15:01:04.504 [main] INFO  testCases.TC001_AccountRegistrationTest - ***** Clicked on Register Link *****
15:01:04.508 [main] INFO  testCases.TC001_AccountRegistrationTest - ***** Providing Customer Details *****
15:01:05.762 [main] INFO  testCases.TC001_AccountRegistrationTest - ***** Validating Expected Message *****
15:01:05.809 [main] INFO  testCases.TC001_AccountRegistrationTest - ***** Finished TC001_AccountRegistrationTest *****
15:01:55.593 [main] INFO  org.testng.internal.Utils - [TestNG] Running:
  /Users/ashutoshpal/Library/Caches/JetBrains/IdeaIC2024.1/temp-testng-customsuite.xml

15:01:59.297 [main] INFO  testCases.TC001_AccountRegistrationTest - ***** Starting TC001_AccountRegistrationTest *****
15:01:59.407 [main] INFO  testCases.TC001_AccountRegistrationTest - ***** Clicked on My Account Link *****
15:01:59.679 [main] INFO  testCases.TC001_AccountRegistrationTest - ***** Clicked on Register Link *****
15:01:59.681 [main] INFO  testCases.TC001_AccountRegistrationTest - ***** Providing Customer Details *****
15:02:01.252 [main] INFO  testCases.TC001_AccountRegistrationTest - ***** Validating Expected Message *****
15:02:01.301 [main] INFO  testCases.TC001_AccountRegistrationTest - ***** Finished TC001_AccountRegistrationTest *****
15:25:12.889 [main] INFO  org.testng.internal.Utils - [TestNG] Running:
  /Users/ashutoshpal/Downloads/Hybrid Automation Framework - 22 Sep 2024/master.xml

15:25:16.643 [main] INFO  testCases.TC001_AccountRegistrationTest - ***** Starting TC001_AccountRegistrationTest *****
15:25:16.758 [main] INFO  testCases.TC001_AccountRegistrationTest - ***** Clicked on My Account Link *****
15:25:17.060 [main] INFO  testCases.TC001_AccountRegistrationTest - ***** Clicked on Register Link *****
15:25:17.062 [main] INFO  testCases.TC001_AccountRegistrationTest - ***** Providing Customer Details *****
15:25:18.478 [main] INFO  testCases.TC001_AccountRegistrationTest - ***** Validating Expected Message *****
15:25:18.528 [main] INFO  testCases.TC001_AccountRegistrationTest - ***** Finished TC001_AccountRegistrationTest *****
15:25:41.330 [main] INFO  org.testng.internal.Utils - [TestNG] Running:
  /Users/ashutoshpal/Downloads/Hybrid Automation Framework - 22 Sep 2024/master.xml

15:26:02.091 [main] INFO  testCases.TC001_AccountRegistrationTest - ***** Starting TC001_AccountRegistrationTest *****
15:26:02.196 [main] INFO  testCases.TC001_AccountRegistrationTest - ***** Clicked on My Account Link *****
15:26:02.994 [main] INFO  testCases.TC001_AccountRegistrationTest - ***** Clicked on Register Link *****
15:26:02.997 [main] INFO  testCases.TC001_AccountRegistrationTest - ***** Providing Customer Details *****
15:26:04.211 [main] INFO  testCases.TC001_AccountRegistrationTest - ***** Validating Expected Message *****
15:26:04.250 [main] INFO  testCases.TC001_AccountRegistrationTest - ***** Finished TC001_AccountRegistrationTest *****
15:29:06.143 [main] INFO  org.testng.internal.Utils - [TestNG] Running:
  /Users/ashutoshpal/Downloads/Hybrid Automation Framework - 22 Sep 2024/crossBrowserTesting.xml

15:29:10.001 [main] INFO  testCases.TC001_AccountRegistrationTest - ***** Starting TC001_AccountRegistrationTest *****
15:29:10.093 [main] INFO  testCases.TC001_AccountRegistrationTest - ***** Clicked on My Account Link *****
15:29:10.388 [main] INFO  testCases.TC001_AccountRegistrationTest - ***** Clicked on Register Link *****
15:29:10.392 [main] INFO  testCases.TC001_AccountRegistrationTest - ***** Providing Customer Details *****
15:29:11.666 [main] INFO  testCases.TC001_AccountRegistrationTest - ***** Validating Expected Message *****
15:29:11.736 [main] INFO  testCases.TC001_AccountRegistrationTest - ***** Finished TC001_AccountRegistrationTest *****
15:29:15.197 [main] INFO  testCases.TC001_AccountRegistrationTest - ***** Starting TC001_AccountRegistrationTest *****
15:29:15.269 [main] INFO  testCases.TC001_AccountRegistrationTest - ***** Clicked on My Account Link *****
15:29:15.605 [main] INFO  testCases.TC001_AccountRegistrationTest - ***** Clicked on Register Link *****
15:29:15.607 [main] INFO  testCases.TC001_AccountRegistrationTest - ***** Providing Customer Details *****
15:29:16.813 [main] INFO  testCases.TC001_AccountRegistrationTest - ***** Validating Expected Message *****
15:29:16.845 [main] INFO  testCases.TC001_AccountRegistrationTest - ***** Finished TC001_AccountRegistrationTest *****
15:29:42.859 [main] INFO  org.testng.internal.Utils - [TestNG] Running:
  /Users/ashutoshpal/Downloads/Hybrid Automation Framework - 22 Sep 2024/crossBrowserTesting.xml

15:29:47.485 [TestNG-tests-1] INFO  testCases.TC001_AccountRegistrationTest - ***** Starting TC001_AccountRegistrationTest *****
15:29:47.663 [TestNG-tests-1] INFO  testCases.TC001_AccountRegistrationTest - ***** Clicked on My Account Link *****
15:29:47.999 [TestNG-tests-2] INFO  testCases.TC001_AccountRegistrationTest - ***** Starting TC001_AccountRegistrationTest *****
15:29:48.043 [TestNG-tests-1] INFO  testCases.TC001_AccountRegistrationTest - ***** Clicked on Register Link *****
15:29:48.046 [TestNG-tests-1] INFO  testCases.TC001_AccountRegistrationTest - ***** Providing Customer Details *****
15:29:48.106 [TestNG-tests-2] INFO  testCases.TC001_AccountRegistrationTest - ***** Clicked on My Account Link *****
15:29:48.440 [TestNG-tests-2] INFO  testCases.TC001_AccountRegistrationTest - ***** Clicked on Register Link *****
15:29:48.446 [TestNG-tests-2] INFO  testCases.TC001_AccountRegistrationTest - ***** Providing Customer Details *****
15:29:49.664 [TestNG-tests-1] INFO  testCases.TC001_AccountRegistrationTest - ***** Validating Expected Message *****
15:29:49.712 [TestNG-tests-1] INFO  testCases.TC001_AccountRegistrationTest - ***** Finished TC001_AccountRegistrationTest *****
15:29:49.844 [TestNG-tests-2] INFO  testCases.TC001_AccountRegistrationTest - ***** Validating Expected Message *****
15:29:49.902 [TestNG-tests-2] INFO  testCases.TC001_AccountRegistrationTest - ***** Finished TC001_AccountRegistrationTest *****
15:39:00.535 [main] INFO  org.testng.internal.Utils - [TestNG] Running:
  /Users/ashutoshpal/Downloads/Hybrid Automation Framework - 22 Sep 2024/master.xml

15:39:04.493 [main] INFO  testCases.TC001_AccountRegistrationTest - ***** Starting TC001_AccountRegistrationTest *****
15:39:04.608 [main] INFO  testCases.TC001_AccountRegistrationTest - ***** Clicked on My Account Link *****
15:39:04.891 [main] INFO  testCases.TC001_AccountRegistrationTest - ***** Clicked on Register Link *****
15:39:04.894 [main] INFO  testCases.TC001_AccountRegistrationTest - ***** Providing Customer Details *****
15:39:06.247 [main] INFO  testCases.TC001_AccountRegistrationTest - ***** Validating Expected Message *****
15:39:06.297 [main] INFO  testCases.TC001_AccountRegistrationTest - ***** Finished TC001_AccountRegistrationTest *****
17:40:52.491 [main] INFO  org.testng.internal.Utils - [TestNG] Running:
  /Users/ashutoshpal/Downloads/Hybrid Automation Framework - 22 Sep 2024/master.xml

17:40:57.005 [main] INFO  testCases.TC002_LoginTest - ***** Starting TC002_LoginTest *****
17:40:59.354 [main] INFO  testCases.TC002_LoginTest - ***** Finished TC002_LoginTest *****
20:35:32.217 [main] INFO  org.testng.internal.Utils - [TestNG] Running:
  /Users/ashutoshpal/Downloads/Hybrid Automation Framework - 22 Sep 2024/master.xml

20:36:55.899 [main] INFO  org.testng.internal.Utils - [TestNG] Running:
  /Users/ashutoshpal/Downloads/Hybrid Automation Framework - 22 Sep 2024/master.xml

20:37:59.781 [main] INFO  org.testng.internal.Utils - [TestNG] Running:
  /Users/ashutoshpal/Downloads/Hybrid Automation Framework - 22 Sep 2024/master.xml

20:38:04.479 [main] INFO  testCases.TC003_LoginDDT - ***** Starting TC003_LoginDDT *****
20:39:05.831 [main] INFO  testCases.TC003_LoginDDT - ***** Starting TC003_LoginDDT *****
20:41:41.030 [main] INFO  org.testng.internal.Utils - [TestNG] Running:
  /Users/ashutoshpal/Downloads/Hybrid Automation Framework - 22 Sep 2024/master.xml

20:41:45.615 [main] INFO  testCases.TC003_LoginDDT - ***** Starting TC003_LoginDDT *****
20:44:42.422 [main] INFO  testCases.TC003_LoginDDT - ***** Starting TC003_LoginDDT *****
20:44:48.135 [main] INFO  org.testng.internal.Utils - [TestNG] Running:
  /Users/ashutoshpal/Downloads/Hybrid Automation Framework - 22 Sep 2024/master.xml

20:44:52.834 [main] INFO  testCases.TC003_LoginDDT - ***** Starting TC003_LoginDDT *****
20:44:57.907 [main] INFO  testCases.TC003_LoginDDT - ***** Finished TC003_LoginDDT *****
20:44:57.912 [main] INFO  testCases.TC003_LoginDDT - ***** Starting TC003_LoginDDT *****
20:46:02.530 [main] INFO  testCases.TC003_LoginDDT - ***** Finished TC003_LoginDDT *****
20:39:00.248 [main] INFO  org.testng.internal.Utils - [TestNG] Running:
  /Users/ashutoshpal/Downloads/Hybrid Automation Framework - 22 Sep 2024/grouping.xml

20:39:17.127 [main] INFO  testCases.TC002_LoginTest - ***** Starting TC002_LoginTest *****
20:39:18.376 [main] INFO  testCases.TC002_LoginTest - ***** Finished TC002_LoginTest *****
20:39:34.858 [main] INFO  org.testng.internal.Utils - [TestNG] Running:
  /Users/ashutoshpal/Downloads/Hybrid Automation Framework - 22 Sep 2024/grouping.xml

20:39:38.347 [main] INFO  testCases.TC001_AccountRegistrationTest - ***** Starting TC001_AccountRegistrationTest *****
20:39:38.474 [main] INFO  testCases.TC001_AccountRegistrationTest - ***** Clicked on My Account Link *****
20:39:38.770 [main] INFO  testCases.TC001_AccountRegistrationTest - ***** Clicked on Register Link *****
20:39:38.772 [main] INFO  testCases.TC001_AccountRegistrationTest - ***** Providing Customer Details *****
20:39:40.147 [main] INFO  testCases.TC001_AccountRegistrationTest - ***** Validating Expected Message *****
20:39:40.202 [main] INFO  testCases.TC001_AccountRegistrationTest - ***** Finished TC001_AccountRegistrationTest *****
20:39:43.500 [main] INFO  testCases.TC002_LoginTest - ***** Starting TC002_LoginTest *****
20:39:44.691 [main] INFO  testCases.TC002_LoginTest - ***** Finished TC002_LoginTest *****
17:35:58.868 [main] INFO  org.testng.internal.Utils - [TestNG] Running:
  /Users/ashutoshpal/Downloads/Hybrid Automation Framework - 22 Sep 2024/grouping.xml

17:36:23.382 [main] INFO  testCases.TC001_AccountRegistrationTest - ***** Starting TC001_AccountRegistrationTest *****
17:36:23.480 [main] INFO  testCases.TC001_AccountRegistrationTest - ***** Clicked on My Account Link *****
17:36:23.811 [main] INFO  testCases.TC001_AccountRegistrationTest - ***** Clicked on Register Link *****
17:36:23.814 [main] INFO  testCases.TC001_AccountRegistrationTest - ***** Providing Customer Details *****
17:36:25.142 [main] INFO  testCases.TC001_AccountRegistrationTest - ***** Validating Expected Message *****
17:36:25.192 [main] INFO  testCases.TC001_AccountRegistrationTest - ***** Finished TC001_AccountRegistrationTest *****
17:36:28.713 [main] INFO  testCases.TC002_LoginTest - ***** Starting TC002_LoginTest *****
17:36:29.853 [main] INFO  testCases.TC002_LoginTest - ***** Finished TC002_LoginTest *****
17:37:46.326 [main] INFO  org.testng.internal.Utils - [TestNG] Running:
  /Users/ashutoshpal/Downloads/Hybrid Automation Framework - 22 Sep 2024/grouping.xml

17:37:51.185 [main] INFO  testCases.TC001_AccountRegistrationTest - ***** Starting TC001_AccountRegistrationTest *****
17:37:51.280 [main] INFO  testCases.TC001_AccountRegistrationTest - ***** Clicked on My Account Link *****
17:37:51.638 [main] INFO  testCases.TC001_AccountRegistrationTest - ***** Clicked on Register Link *****
17:37:51.640 [main] INFO  testCases.TC001_AccountRegistrationTest - ***** Providing Customer Details *****
17:37:53.004 [main] INFO  testCases.TC001_AccountRegistrationTest - ***** Validating Expected Message *****
17:37:53.069 [main] INFO  testCases.TC001_AccountRegistrationTest - ***** Finished TC001_AccountRegistrationTest *****
17:37:56.723 [main] INFO  testCases.TC002_LoginTest - ***** Starting TC002_LoginTest *****
17:37:57.769 [main] INFO  testCases.TC002_LoginTest - ***** Finished TC002_LoginTest *****
17:39:30.600 [main] INFO  org.testng.internal.Utils - [TestNG] Running:
  /Users/ashutoshpal/Downloads/Hybrid Automation Framework - 22 Sep 2024/grouping.xml

17:39:35.225 [main] INFO  testCases.TC001_AccountRegistrationTest - ***** Starting TC001_AccountRegistrationTest *****
17:39:35.364 [main] INFO  testCases.TC001_AccountRegistrationTest - ***** Clicked on My Account Link *****
17:39:35.916 [main] INFO  testCases.TC001_AccountRegistrationTest - ***** Clicked on Register Link *****
17:39:35.921 [main] INFO  testCases.TC001_AccountRegistrationTest - ***** Providing Customer Details *****
17:39:37.238 [main] INFO  testCases.TC001_AccountRegistrationTest - ***** Validating Expected Message *****
17:39:37.303 [main] INFO  testCases.TC001_AccountRegistrationTest - ***** Finished TC001_AccountRegistrationTest *****
17:39:40.764 [main] INFO  testCases.TC002_LoginTest - ***** Starting TC002_LoginTest *****
17:39:41.865 [main] INFO  testCases.TC002_LoginTest - ***** Finished TC002_LoginTest *****
17:42:45.618 [main] INFO  org.testng.internal.Utils - [TestNG] Running:
  /Users/ashutoshpal/Downloads/Hybrid Automation Framework - 22 Sep 2024/grouping.xml

17:42:49.497 [main] INFO  testCases.TC001_AccountRegistrationTest - ***** Starting TC001_AccountRegistrationTest *****
17:42:49.618 [main] INFO  testCases.TC001_AccountRegistrationTest - ***** Clicked on My Account Link *****
17:42:49.961 [main] INFO  testCases.TC001_AccountRegistrationTest - ***** Clicked on Register Link *****
17:42:49.963 [main] INFO  testCases.TC001_AccountRegistrationTest - ***** Providing Customer Details *****
17:42:51.239 [main] INFO  testCases.TC001_AccountRegistrationTest - ***** Validating Expected Message *****
17:42:51.306 [main] INFO  testCases.TC001_AccountRegistrationTest - ***** Finished TC001_AccountRegistrationTest *****
17:42:54.816 [main] INFO  testCases.TC002_LoginTest - ***** Starting TC002_LoginTest *****
17:42:55.978 [main] INFO  testCases.TC002_LoginTest - ***** Finished TC002_LoginTest *****
17:46:02.076 [main] INFO  org.testng.internal.Utils - [TestNG] Running:
  /Users/ashutoshpal/Downloads/Hybrid_Automation_Framework_22_Sep_2024/grouping.xml

17:46:06.362 [main] INFO  testCases.TC001_AccountRegistrationTest - ***** Starting TC001_AccountRegistrationTest *****
17:46:06.446 [main] INFO  testCases.TC001_AccountRegistrationTest - ***** Clicked on My Account Link *****
17:46:06.766 [main] INFO  testCases.TC001_AccountRegistrationTest - ***** Clicked on Register Link *****
17:46:06.769 [main] INFO  testCases.TC001_AccountRegistrationTest - ***** Providing Customer Details *****
17:46:08.065 [main] INFO  testCases.TC001_AccountRegistrationTest - ***** Validating Expected Message *****
17:46:08.115 [main] INFO  testCases.TC001_AccountRegistrationTest - ***** Finished TC001_AccountRegistrationTest *****
17:46:11.503 [main] INFO  testCases.TC002_LoginTest - ***** Starting TC002_LoginTest *****
17:46:12.670 [main] INFO  testCases.TC002_LoginTest - ***** Finished TC002_LoginTest *****
17:51:44.454 [main] INFO  org.testng.internal.Utils - [TestNG] Running:
  /Users/ashutoshpal/Downloads/Hybrid_Automation_Framework_22_Sep_2024/grouping.xml

17:51:48.419 [main] INFO  testCases.TC001_AccountRegistrationTest - ***** Starting TC001_AccountRegistrationTest *****
17:51:48.510 [main] INFO  testCases.TC001_AccountRegistrationTest - ***** Clicked on My Account Link *****
17:51:48.793 [main] INFO  testCases.TC001_AccountRegistrationTest - ***** Clicked on Register Link *****
17:51:48.796 [main] INFO  testCases.TC001_AccountRegistrationTest - ***** Providing Customer Details *****
17:51:50.107 [main] INFO  testCases.TC001_AccountRegistrationTest - ***** Validating Expected Message *****
17:51:50.168 [main] INFO  testCases.TC001_AccountRegistrationTest - ***** Finished TC001_AccountRegistrationTest *****
17:51:53.595 [main] INFO  testCases.TC002_LoginTest - ***** Starting TC002_LoginTest *****
17:51:54.753 [main] INFO  testCases.TC002_LoginTest - ***** Finished TC002_LoginTest *****
17:53:59.415 [main] INFO  org.testng.internal.Utils - [TestNG] Running:
  /Users/ashutoshpal/Downloads/Hybrid_Automation_Framework_22_Sep_2024/grouping.xml

17:54:03.460 [main] INFO  testCases.TC002_LoginTest - ***** Starting TC002_LoginTest *****
17:54:04.621 [main] INFO  testCases.TC002_LoginTest - ***** Finished TC002_LoginTest *****
17:54:41.864 [main] INFO  org.testng.internal.Utils - [TestNG] Running:
  /Users/ashutoshpal/Downloads/Hybrid_Automation_Framework_22_Sep_2024/grouping.xml

17:54:56.011 [main] INFO  org.testng.internal.Utils - [TestNG] Running:
  /Users/ashutoshpal/Downloads/Hybrid_Automation_Framework_22_Sep_2024/grouping.xml

17:54:59.895 [main] INFO  testCases.TC002_LoginTest - ***** Starting TC002_LoginTest *****
17:55:01.059 [main] INFO  testCases.TC002_LoginTest - ***** Finished TC002_LoginTest *****
18:01:42.814 [main] INFO  org.testng.internal.Utils - [TestNG] Running:
  /Users/ashutoshpal/Downloads/Hybrid_Automation_Framework_22_Sep_2024/grouping.xml

18:01:46.784 [main] INFO  testCases.TC002_LoginTest - ***** Starting TC002_LoginTest *****
18:01:48.042 [main] INFO  testCases.TC002_LoginTest - ***** Finished TC002_LoginTest *****
18:02:48.427 [main] INFO  org.testng.internal.Utils - [TestNG] Running:
  /Users/ashutoshpal/Downloads/Hybrid_Automation_Framework_22_Sep_2024/grouping.xml

18:02:52.517 [main] INFO  testCases.TC001_AccountRegistrationTest - ***** Starting TC001_AccountRegistrationTest *****
18:02:52.605 [main] INFO  testCases.TC001_AccountRegistrationTest - ***** Clicked on My Account Link *****
18:02:52.900 [main] INFO  testCases.TC001_AccountRegistrationTest - ***** Clicked on Register Link *****
18:02:52.902 [main] INFO  testCases.TC001_AccountRegistrationTest - ***** Providing Customer Details *****
18:02:54.174 [main] INFO  testCases.TC001_AccountRegistrationTest - ***** Validating Expected Message *****
18:02:54.217 [main] INFO  testCases.TC001_AccountRegistrationTest - ***** Finished TC001_AccountRegistrationTest *****
18:02:57.392 [main] INFO  testCases.TC002_LoginTest - ***** Starting TC002_LoginTest *****
18:02:58.516 [main] INFO  testCases.TC002_LoginTest - ***** Finished TC002_LoginTest *****
18:08:40.844 [main] INFO  org.testng.internal.Utils - [TestNG] Running:
  /Users/ashutoshpal/Downloads/Hybrid_Automation_Framework_22_Sep_2024/grouping.xml

18:08:44.696 [main] INFO  testCases.TC001_AccountRegistrationTest - ***** Starting TC001_AccountRegistrationTest *****
18:08:44.821 [main] INFO  testCases.TC001_AccountRegistrationTest - ***** Clicked on My Account Link *****
18:08:45.103 [main] INFO  testCases.TC001_AccountRegistrationTest - ***** Clicked on Register Link *****
18:08:45.105 [main] INFO  testCases.TC001_AccountRegistrationTest - ***** Providing Customer Details *****
18:08:46.299 [main] INFO  testCases.TC001_AccountRegistrationTest - ***** Validating Expected Message *****
18:08:46.357 [main] INFO  testCases.TC001_AccountRegistrationTest - ***** Finished TC001_AccountRegistrationTest *****
18:08:49.534 [main] INFO  testCases.TC002_LoginTest - ***** Starting TC002_LoginTest *****
18:19:16.906 [main] INFO  org.testng.internal.Utils - [TestNG] Running:
  /Users/ashutoshpal/Downloads/Hybrid_Automation_Framework_22_Sep_2024/grouping.xml

18:19:22.538 [main] INFO  testCases.TC001_AccountRegistrationTest - ***** Starting TC001_AccountRegistrationTest *****
18:19:22.656 [main] INFO  testCases.TC001_AccountRegistrationTest - ***** Clicked on My Account Link *****
18:19:22.973 [main] INFO  testCases.TC001_AccountRegistrationTest - ***** Clicked on Register Link *****
18:19:22.976 [main] INFO  testCases.TC001_AccountRegistrationTest - ***** Providing Customer Details *****
18:19:24.390 [main] INFO  testCases.TC001_AccountRegistrationTest - ***** Validating Expected Message *****
18:19:24.427 [main] INFO  testCases.TC001_AccountRegistrationTest - ***** Finished TC001_AccountRegistrationTest *****
18:19:27.607 [main] INFO  testCases.TC002_LoginTest - ***** Starting TC002_LoginTest *****
18:24:08.130 [main] INFO  org.testng.internal.Utils - [TestNG] Running:
  /Users/ashutoshpal/Downloads/Hybrid_Automation_Framework_22_Sep_2024/grouping.xml

18:24:12.239 [main] INFO  testCases.TC001_AccountRegistrationTest - ***** Starting TC001_AccountRegistrationTest *****
18:24:12.359 [main] INFO  testCases.TC001_AccountRegistrationTest - ***** Clicked on My Account Link *****
18:24:12.668 [main] INFO  testCases.TC001_AccountRegistrationTest - ***** Clicked on Register Link *****
18:24:12.671 [main] INFO  testCases.TC001_AccountRegistrationTest - ***** Providing Customer Details *****
18:24:13.943 [main] INFO  testCases.TC001_AccountRegistrationTest - ***** Validating Expected Message *****
18:24:13.988 [main] INFO  testCases.TC001_AccountRegistrationTest - ***** Finished TC001_AccountRegistrationTest *****
18:24:17.314 [main] INFO  testCases.TC002_LoginTest - ***** Starting TC002_LoginTest *****
18:24:18.593 [main] INFO  testCases.TC002_LoginTest - ***** Finished TC002_LoginTest *****
22:41:05.049 [main] INFO  org.testng.internal.Utils - [TestNG] Running:
  /Users/ashutoshpal/Downloads/Hybrid_Automation_Framework_22_Sep_2024/master.xml

22:41:10.596 [main] INFO  testCases.TC001_AccountRegistrationTest - ***** Starting TC001_AccountRegistrationTest *****
22:41:10.704 [main] INFO  testCases.TC001_AccountRegistrationTest - ***** Clicked on My Account Link *****
22:41:10.994 [main] INFO  testCases.TC001_AccountRegistrationTest - ***** Clicked on Register Link *****
22:41:10.996 [main] INFO  testCases.TC001_AccountRegistrationTest - ***** Providing Customer Details *****
22:41:12.312 [main] INFO  testCases.TC001_AccountRegistrationTest - ***** Validating Expected Message *****
22:41:12.373 [main] INFO  testCases.TC001_AccountRegistrationTest - ***** Finished TC001_AccountRegistrationTest *****
22:41:15.542 [main] INFO  testCases.TC002_LoginTest - ***** Starting TC002_LoginTest *****
22:41:16.874 [main] INFO  testCases.TC002_LoginTest - ***** Finished TC002_LoginTest *****
22:42:13.733 [main] INFO  org.testng.internal.Utils - [TestNG] Running:
  /Users/ashutoshpal/Downloads/Hybrid_Automation_Framework_22_Sep_2024/master.xml

22:42:18.361 [main] INFO  testCases.TC001_AccountRegistrationTest - ***** Starting TC001_AccountRegistrationTest *****
22:42:18.503 [main] INFO  testCases.TC001_AccountRegistrationTest - ***** Clicked on My Account Link *****
22:42:18.820 [main] INFO  testCases.TC001_AccountRegistrationTest - ***** Clicked on Register Link *****
22:42:18.823 [main] INFO  testCases.TC001_AccountRegistrationTest - ***** Providing Customer Details *****
22:42:20.204 [main] INFO  testCases.TC001_AccountRegistrationTest - ***** Validating Expected Message *****
22:42:20.264 [main] INFO  testCases.TC001_AccountRegistrationTest - ***** Finished TC001_AccountRegistrationTest *****
22:42:23.546 [main] INFO  testCases.TC002_LoginTest - ***** Starting TC002_LoginTest *****
22:42:24.750 [main] INFO  testCases.TC002_LoginTest - ***** Finished TC002_LoginTest *****
22:43:10.907 [main] INFO  org.testng.internal.Utils - [TestNG] Running:
  /Users/ashutoshpal/Downloads/Hybrid_Automation_Framework_22_Sep_2024/master.xml

22:43:16.156 [main] INFO  testCases.TC001_AccountRegistrationTest - ***** Starting TC001_AccountRegistrationTest *****
22:43:16.281 [main] INFO  testCases.TC001_AccountRegistrationTest - ***** Clicked on My Account Link *****
22:43:17.658 [main] INFO  testCases.TC001_AccountRegistrationTest - ***** Clicked on Register Link *****
22:43:17.660 [main] INFO  testCases.TC001_AccountRegistrationTest - ***** Providing Customer Details *****
22:43:19.114 [main] INFO  testCases.TC001_AccountRegistrationTest - ***** Validating Expected Message *****
22:43:19.171 [main] INFO  testCases.TC001_AccountRegistrationTest - ***** Finished TC001_AccountRegistrationTest *****
22:43:28.578 [main] INFO  testCases.TC002_LoginTest - ***** Starting TC002_LoginTest *****
22:43:29.968 [main] INFO  testCases.TC002_LoginTest - ***** Finished TC002_LoginTest *****
22:45:49.960 [main] INFO  org.testng.internal.Utils - [TestNG] Running:
  /Users/ashutoshpal/Downloads/Hybrid_Automation_Framework_22_Sep_2024/crossBrowserTesting.xml

22:45:57.647 [TestNG-tests-1] INFO  testCases.TC001_AccountRegistrationTest - ***** Starting TC001_AccountRegistrationTest *****
22:45:57.797 [TestNG-tests-1] INFO  testCases.TC001_AccountRegistrationTest - ***** Clicked on My Account Link *****
22:45:58.712 [TestNG-tests-1] INFO  testCases.TC001_AccountRegistrationTest - ***** Clicked on Register Link *****
22:45:58.716 [TestNG-tests-1] INFO  testCases.TC001_AccountRegistrationTest - ***** Providing Customer Details *****
22:46:00.181 [TestNG-tests-1] INFO  testCases.TC001_AccountRegistrationTest - ***** Validating Expected Message *****
22:46:00.235 [TestNG-tests-1] INFO  testCases.TC001_AccountRegistrationTest - ***** Finished TC001_AccountRegistrationTest *****
22:46:32.477 [TestNG-tests-2] INFO  testCases.TC001_AccountRegistrationTest - ***** Starting TC001_AccountRegistrationTest *****
22:46:32.606 [TestNG-tests-2] INFO  testCases.TC001_AccountRegistrationTest - ***** Clicked on My Account Link *****
22:46:34.003 [TestNG-tests-2] INFO  testCases.TC001_AccountRegistrationTest - ***** Clicked on Register Link *****
22:46:34.005 [TestNG-tests-2] INFO  testCases.TC001_AccountRegistrationTest - ***** Providing Customer Details *****
22:46:35.349 [TestNG-tests-2] INFO  testCases.TC001_AccountRegistrationTest - ***** Validating Expected Message *****
22:46:35.389 [TestNG-tests-2] INFO  testCases.TC001_AccountRegistrationTest - ***** Finished TC001_AccountRegistrationTest *****
23:06:50.493 [main] INFO  org.testng.internal.Utils - [TestNG] Running:
  /Users/ashutoshpal/Downloads/Hybrid_Automation_Framework_22_Sep_2024/crossBrowserTesting.xml

23:06:58.722 [TestNG-tests-1] INFO  testCases.TC001_AccountRegistrationTest - ***** Starting TC001_AccountRegistrationTest *****
23:06:58.722 [TestNG-tests-2] INFO  testCases.TC001_AccountRegistrationTest - ***** Starting TC001_AccountRegistrationTest *****
23:06:58.888 [TestNG-tests-2] INFO  testCases.TC001_AccountRegistrationTest - ***** Clicked on My Account Link *****
23:06:58.922 [TestNG-tests-1] INFO  testCases.TC001_AccountRegistrationTest - ***** Clicked on My Account Link *****
23:07:58.978 [TestNG-tests-2] ERROR testCases.TC001_AccountRegistrationTest - ***** Test Failed *****
23:10:19.253 [main] INFO  org.testng.internal.Utils - [TestNG] Running:
  /Users/ashutoshpal/Downloads/Hybrid_Automation_Framework_22_Sep_2024/crossBrowserTesting.xml

23:10:27.069 [TestNG-tests-2] INFO  testCases.TC001_AccountRegistrationTest - ***** Starting TC001_AccountRegistrationTest *****
23:10:27.069 [TestNG-tests-1] INFO  testCases.TC001_AccountRegistrationTest - ***** Starting TC001_AccountRegistrationTest *****
23:10:27.179 [TestNG-tests-2] INFO  testCases.TC001_AccountRegistrationTest - ***** Clicked on My Account Link *****
23:10:27.209 [TestNG-tests-1] INFO  testCases.TC001_AccountRegistrationTest - ***** Clicked on My Account Link *****
23:11:27.280 [TestNG-tests-2] ERROR testCases.TC001_AccountRegistrationTest - ***** Test Failed *****
23:12:27.326 [TestNG-tests-1] ERROR testCases.TC001_AccountRegistrationTest - ***** Test Failed *****
23:17:12.356 [main] INFO  org.testng.internal.Utils - [TestNG] Running:
  /Users/ashutoshpal/Downloads/Hybrid_Automation_Framework_22_Sep_2024/crossBrowserTesting.xml

23:17:19.573 [TestNG-tests-1] INFO  testCases.TC001_AccountRegistrationTest - ***** Starting TC001_AccountRegistrationTest *****
23:17:19.734 [TestNG-tests-1] INFO  testCases.TC001_AccountRegistrationTest - ***** Clicked on My Account Link *****
23:17:20.068 [TestNG-tests-1] INFO  testCases.TC001_AccountRegistrationTest - ***** Clicked on Register Link *****
23:17:20.074 [TestNG-tests-1] INFO  testCases.TC001_AccountRegistrationTest - ***** Providing Customer Details *****
23:17:21.648 [TestNG-tests-1] INFO  testCases.TC001_AccountRegistrationTest - ***** Validating Expected Message *****
23:17:21.696 [TestNG-tests-1] INFO  testCases.TC001_AccountRegistrationTest - ***** Finished TC001_AccountRegistrationTest *****
23:17:27.887 [TestNG-tests-2] INFO  testCases.TC001_AccountRegistrationTest - ***** Starting TC001_AccountRegistrationTest *****
23:17:27.973 [TestNG-tests-2] INFO  testCases.TC001_AccountRegistrationTest - ***** Clicked on My Account Link *****
23:17:28.420 [TestNG-tests-2] INFO  testCases.TC001_AccountRegistrationTest - ***** Clicked on Register Link *****
23:17:28.422 [TestNG-tests-2] INFO  testCases.TC001_AccountRegistrationTest - ***** Providing Customer Details *****
23:17:29.509 [TestNG-tests-2] INFO  testCases.TC001_AccountRegistrationTest - ***** Validating Expected Message *****
23:17:29.543 [TestNG-tests-2] INFO  testCases.TC001_AccountRegistrationTest - ***** Finished TC001_AccountRegistrationTest *****
23:27:36.893 [main] INFO  org.testng.internal.Utils - [TestNG] Running:
  /Users/ashutoshpal/Downloads/Hybrid_Automation_Framework_22_Sep_2024/crossBrowserTesting.xml

23:27:42.097 [TestNG-tests-2] INFO  testCases.TC001_AccountRegistrationTest - ***** Starting TC001_AccountRegistrationTest *****
23:27:42.097 [TestNG-tests-1] INFO  testCases.TC001_AccountRegistrationTest - ***** Starting TC001_AccountRegistrationTest *****
23:27:42.226 [TestNG-tests-2] INFO  testCases.TC001_AccountRegistrationTest - ***** Clicked on My Account Link *****
23:27:42.252 [TestNG-tests-1] INFO  testCases.TC001_AccountRegistrationTest - ***** Clicked on My Account Link *****
23:28:42.305 [TestNG-tests-2] ERROR testCases.TC001_AccountRegistrationTest - ***** Test Failed *****
23:31:23.713 [main] INFO  org.testng.internal.Utils - [TestNG] Running:
  /Users/ashutoshpal/Downloads/Hybrid_Automation_Framework_22_Sep_2024/crossBrowserTesting.xml

23:31:27.733 [main] INFO  testCases.TC001_AccountRegistrationTest - ***** Starting TC001_AccountRegistrationTest *****
23:31:27.853 [main] INFO  testCases.TC001_AccountRegistrationTest - ***** Clicked on My Account Link *****
23:31:28.165 [main] INFO  testCases.TC001_AccountRegistrationTest - ***** Clicked on Register Link *****
23:31:28.168 [main] INFO  testCases.TC001_AccountRegistrationTest - ***** Providing Customer Details *****
23:31:29.495 [main] INFO  testCases.TC001_AccountRegistrationTest - ***** Validating Expected Message *****
23:31:29.545 [main] INFO  testCases.TC001_AccountRegistrationTest - ***** Finished TC001_AccountRegistrationTest *****
23:31:33.984 [main] INFO  testCases.TC001_AccountRegistrationTest - ***** Starting TC001_AccountRegistrationTest *****
23:31:34.078 [main] INFO  testCases.TC001_AccountRegistrationTest - ***** Clicked on My Account Link *****
23:31:34.389 [main] INFO  testCases.TC001_AccountRegistrationTest - ***** Clicked on Register Link *****
23:31:34.390 [main] INFO  testCases.TC001_AccountRegistrationTest - ***** Providing Customer Details *****
23:31:35.569 [main] INFO  testCases.TC001_AccountRegistrationTest - ***** Validating Expected Message *****
23:31:35.606 [main] INFO  testCases.TC001_AccountRegistrationTest - ***** Finished TC001_AccountRegistrationTest *****
16:20:56.738 [main] INFO  org.testng.internal.Utils - [TestNG] Running:
  /Users/ashutoshpal/Downloads/Hybrid_Automation_Framework_22_Sep_2024/crossBrowserTesting.xml

16:21:26.986 [main] INFO  testCases.TC001_AccountRegistrationTest - ***** Starting TC001_AccountRegistrationTest *****
16:21:27.138 [main] INFO  testCases.TC001_AccountRegistrationTest - ***** Clicked on My Account Link *****
16:21:27.451 [main] INFO  testCases.TC001_AccountRegistrationTest - ***** Clicked on Register Link *****
16:21:27.455 [main] INFO  testCases.TC001_AccountRegistrationTest - ***** Providing Customer Details *****
16:21:28.885 [main] INFO  testCases.TC001_AccountRegistrationTest - ***** Validating Expected Message *****
16:21:28.944 [main] INFO  testCases.TC001_AccountRegistrationTest - ***** Finished TC001_AccountRegistrationTest *****
16:21:43.626 [main] INFO  testCases.TC001_AccountRegistrationTest - ***** Starting TC001_AccountRegistrationTest *****
16:21:43.711 [main] INFO  testCases.TC001_AccountRegistrationTest - ***** Clicked on My Account Link *****
16:21:44.070 [main] INFO  testCases.TC001_AccountRegistrationTest - ***** Clicked on Register Link *****
16:21:44.072 [main] INFO  testCases.TC001_AccountRegistrationTest - ***** Providing Customer Details *****
16:21:45.274 [main] INFO  testCases.TC001_AccountRegistrationTest - ***** Validating Expected Message *****
16:21:45.309 [main] INFO  testCases.TC001_AccountRegistrationTest - ***** Finished TC001_AccountRegistrationTest *****
11:40:33.567 [main] INFO  org.testng.internal.Utils - [TestNG] Running:
  /Users/ashutoshpal/Downloads/Hybrid_Automation_Framework_22_Sep_2024/grid-docker.xml

11:40:54.214 [main] INFO  testCases.TC001_AccountRegistrationTest - ***** Starting TC001_AccountRegistrationTest *****
11:40:54.390 [main] INFO  testCases.TC001_AccountRegistrationTest - ***** Clicked on My Account Link *****
11:40:54.759 [main] INFO  testCases.TC001_AccountRegistrationTest - ***** Clicked on Register Link *****
11:40:54.763 [main] INFO  testCases.TC001_AccountRegistrationTest - ***** Providing Customer Details *****
11:40:56.031 [main] INFO  testCases.TC001_AccountRegistrationTest - ***** Validating Expected Message *****
11:40:56.091 [main] INFO  testCases.TC001_AccountRegistrationTest - ***** Finished TC001_AccountRegistrationTest *****
11:40:59.473 [main] INFO  testCases.TC002_LoginTest - ***** Starting TC002_LoginTest *****
11:41:15.458 [main] INFO  testCases.TC002_LoginTest - ***** Finished TC002_LoginTest *****
11:41:54.245 [main] INFO  testCases.TC001_AccountRegistrationTest - ***** Starting TC001_AccountRegistrationTest *****
11:41:54.508 [main] INFO  testCases.TC001_AccountRegistrationTest - ***** Clicked on My Account Link *****
11:41:54.849 [main] INFO  testCases.TC001_AccountRegistrationTest - ***** Clicked on Register Link *****
11:41:54.850 [main] INFO  testCases.TC001_AccountRegistrationTest - ***** Providing Customer Details *****
11:41:55.862 [main] INFO  testCases.TC001_AccountRegistrationTest - ***** Validating Expected Message *****
11:41:55.886 [main] INFO  testCases.TC001_AccountRegistrationTest - ***** Finished TC001_AccountRegistrationTest *****
11:42:02.492 [main] INFO  testCases.TC002_LoginTest - ***** Starting TC002_LoginTest *****
11:42:03.776 [main] INFO  testCases.TC002_LoginTest - ***** Finished TC002_LoginTest *****
11:55:16.331 [main] INFO  org.testng.internal.Utils - [TestNG] Running:
  /Users/ashutoshpal/Downloads/Hybrid_Automation_Framework_22_Sep_2024/grid-docker.xml

11:55:22.239 [main] INFO  testCases.TC001_AccountRegistrationTest - ***** Starting TC001_AccountRegistrationTest *****
11:55:22.356 [main] INFO  testCases.TC001_AccountRegistrationTest - ***** Clicked on My Account Link *****
11:55:22.839 [main] INFO  testCases.TC001_AccountRegistrationTest - ***** Clicked on Register Link *****
11:55:22.843 [main] INFO  testCases.TC001_AccountRegistrationTest - ***** Providing Customer Details *****
11:55:24.246 [main] INFO  testCases.TC001_AccountRegistrationTest - ***** Validating Expected Message *****
11:55:24.285 [main] INFO  testCases.TC001_AccountRegistrationTest - ***** Finished TC001_AccountRegistrationTest *****
11:55:27.735 [main] INFO  testCases.TC002_LoginTest - ***** Starting TC002_LoginTest *****
11:55:28.959 [main] INFO  testCases.TC002_LoginTest - ***** Finished TC002_LoginTest *****
11:55:36.555 [main] INFO  testCases.TC001_AccountRegistrationTest - ***** Starting TC001_AccountRegistrationTest *****
11:55:36.856 [main] INFO  testCases.TC001_AccountRegistrationTest - ***** Clicked on My Account Link *****
11:55:37.268 [main] INFO  testCases.TC001_AccountRegistrationTest - ***** Clicked on Register Link *****
11:55:37.269 [main] INFO  testCases.TC001_AccountRegistrationTest - ***** Providing Customer Details *****
11:55:38.264 [main] INFO  testCases.TC001_AccountRegistrationTest - ***** Validating Expected Message *****
11:55:38.288 [main] INFO  testCases.TC001_AccountRegistrationTest - ***** Finished TC001_AccountRegistrationTest *****
11:55:44.860 [main] INFO  testCases.TC002_LoginTest - ***** Starting TC002_LoginTest *****
11:55:46.106 [main] INFO  testCases.TC002_LoginTest - ***** Finished TC002_LoginTest *****
18:48:53.172 [main] INFO  testCases.TC001_AccountRegistrationTest - ***** Starting TC001_AccountRegistrationTest *****
18:48:53.265 [main] INFO  testCases.TC001_AccountRegistrationTest - ***** Clicked on My Account Link *****
18:48:53.554 [main] INFO  testCases.TC001_AccountRegistrationTest - ***** Clicked on Register Link *****
18:48:53.557 [main] INFO  testCases.TC001_AccountRegistrationTest - ***** Providing Customer Details *****
18:48:54.900 [main] INFO  testCases.TC001_AccountRegistrationTest - ***** Validating Expected Message *****
18:48:54.963 [main] INFO  testCases.TC001_AccountRegistrationTest - ***** Finished TC001_AccountRegistrationTest *****
18:49:00.487 [main] INFO  testCases.TC002_LoginTest - ***** Starting TC002_LoginTest *****
18:49:01.941 [main] INFO  testCases.TC002_LoginTest - ***** Finished TC002_LoginTest *****
19:07:11.686 [main] INFO  testCases.TC001_AccountRegistrationTest - ***** Starting TC001_AccountRegistrationTest *****
19:07:11.768 [main] INFO  testCases.TC001_AccountRegistrationTest - ***** Clicked on My Account Link *****
19:07:12.044 [main] INFO  testCases.TC001_AccountRegistrationTest - ***** Clicked on Register Link *****
19:07:12.048 [main] INFO  testCases.TC001_AccountRegistrationTest - ***** Providing Customer Details *****
19:07:13.357 [main] INFO  testCases.TC001_AccountRegistrationTest - ***** Validating Expected Message *****
19:07:13.394 [main] INFO  testCases.TC001_AccountRegistrationTest - ***** Finished TC001_AccountRegistrationTest *****
19:07:19.431 [main] INFO  testCases.TC002_LoginTest - ***** Starting TC002_LoginTest *****
19:07:20.733 [main] INFO  testCases.TC002_LoginTest - ***** Finished TC002_LoginTest *****
19:18:51.264 [main] INFO  testCases.TC001_AccountRegistrationTest - ***** Starting TC001_AccountRegistrationTest *****
19:18:51.363 [main] INFO  testCases.TC001_AccountRegistrationTest - ***** Clicked on My Account Link *****
19:18:51.642 [main] INFO  testCases.TC001_AccountRegistrationTest - ***** Clicked on Register Link *****
19:18:51.646 [main] INFO  testCases.TC001_AccountRegistrationTest - ***** Providing Customer Details *****
19:18:52.903 [main] INFO  testCases.TC001_AccountRegistrationTest - ***** Validating Expected Message *****
19:18:52.975 [main] INFO  testCases.TC001_AccountRegistrationTest - ***** Finished TC001_AccountRegistrationTest *****
19:18:58.469 [main] INFO  testCases.TC002_LoginTest - ***** Starting TC002_LoginTest *****
19:18:59.723 [main] INFO  testCases.TC002_LoginTest - ***** Finished TC002_LoginTest *****
